18:15:03.240 [main] INFO  o.s.b.t.c.SpringBootTestContextBootstrapper - Neither @ContextConfiguration nor @ContextHierarchy found for test class [com.revature.UserControllerTest], using SpringBootContextLoader
18:15:03.249 [main] INFO  o.s.t.c.s.AbstractContextLoader - Could not detect default resource locations for test class [com.revature.UserControllerTest]: no resource found for suffixes {-context.xml, Context.groovy}.
18:15:03.250 [main] INFO  o.s.t.c.s.AnnotationConfigContextLoaderUtils - Could not detect default configuration classes for test class [com.revature.UserControllerTest]: UserControllerTest does not declare any static, non-private, non-final, nested classes annotated with @Configuration.
18:15:03.439 [main] INFO  o.s.b.t.c.SpringBootTestContextBootstrapper - Found @SpringBootConfiguration com.revature.AlchemyApplication for test class com.revature.UserControllerTest
18:15:03.658 [main] INFO  o.s.b.t.c.SpringBootTestContextBootstrapper - Loaded default TestExecutionListener class names from location [META-INF/spring.factories]: [org.springframework.boot.test.autoconfigure.restdocs.RestDocsTestExecutionListener, org.springframework.boot.test.autoconfigure.web.client.MockRestServiceServerResetTestExecutionListener, org.springframework.boot.test.autoconfigure.web.servlet.MockMvcPrintOnlyOnFailureTestExecutionListener, org.springframework.boot.test.autoconfigure.web.servlet.WebDriverTestExecutionListener, org.springframework.boot.test.autoconfigure.webservices.client.MockWebServiceServerTestExecutionListener, org.springframework.boot.test.mock.mockito.MockitoTestExecutionListener, org.springframework.boot.test.mock.mockito.ResetMocksTestExecutionListener, org.springframework.test.context.web.ServletTestExecutionListener, org.springframework.test.context.support.DirtiesContextBeforeModesTestExecutionListener, org.springframework.test.context.event.ApplicationEventsTestExecutionListener, org.springframework.test.context.support.DependencyInjectionTestExecutionListener, org.springframework.test.context.support.DirtiesContextTestExecutionListener, org.springframework.test.context.transaction.TransactionalTestExecutionListener, org.springframework.test.context.jdbc.SqlScriptsTestExecutionListener, org.springframework.test.context.event.EventPublishingTestExecutionListener]
18:15:03.681 [main] INFO  o.s.b.t.c.SpringBootTestContextBootstrapper - Using TestExecutionListeners: [org.springframework.test.context.web.ServletTestExecutionListener@1e044120, org.springframework.test.context.support.DirtiesContextBeforeModesTestExecutionListener@2cf23c81, org.springframework.test.context.event.ApplicationEventsTestExecutionListener@3624da92, org.springframework.boot.test.mock.mockito.MockitoTestExecutionListener@35fe2125, org.springframework.boot.test.autoconfigure.SpringBootDependencyInjectionTestExecutionListener@94f6bfb, org.springframework.test.context.support.DirtiesContextTestExecutionListener@34645867, org.springframework.test.context.transaction.TransactionalTestExecutionListener@2484f433, org.springframework.test.context.jdbc.SqlScriptsTestExecutionListener@60b71e8f, org.springframework.test.context.event.EventPublishingTestExecutionListener@1255b1d1, org.springframework.boot.test.autoconfigure.restdocs.RestDocsTestExecutionListener@464649c, org.springframework.boot.test.autoconfigure.web.client.MockRestServiceServerResetTestExecutionListener@7c22d4f, org.springframework.boot.test.autoconfigure.web.servlet.MockMvcPrintOnlyOnFailureTestExecutionListener@5f59185e, org.springframework.boot.test.autoconfigure.web.servlet.WebDriverTestExecutionListener@60bdf15d, org.springframework.boot.test.autoconfigure.webservices.client.MockWebServiceServerTestExecutionListener@47da3952, org.springframework.boot.test.mock.mockito.ResetMocksTestExecutionListener@51e4ccb3]
18:15:04.081 [main] INFO  com.revature.UserControllerTest - Starting UserControllerTest using Java 15 on GWTN156-7 with PID 17128 (started by luisc in C:\Users\luisc\Desktop\Revature\Demosrepo\P2\AlchemyProject\AlchemistRoom)
18:15:04.082 [main] INFO  com.revature.UserControllerTest - No active profile set, falling back to 1 default profile: "default"
18:15:05.621 [main] INFO  o.s.d.r.c.RepositoryConfigurationDelegate - Bootstrapping Spring Data JPA repositories in DEFAULT mode.
18:15:05.744 [main] INFO  o.s.d.r.c.RepositoryConfigurationDelegate - Finished Spring Data repository scanning in 112 ms. Found 3 JPA repository interfaces.
18:15:06.781 [main] INFO  o.h.jpa.internal.util.LogHelper - HHH000204: Processing PersistenceUnitInfo [name: default]
18:15:06.837 [main] INFO  org.hibernate.Version - HHH000412: Hibernate ORM core version 5.6.10.Final
18:15:07.099 [main] INFO  o.h.annotations.common.Version - HCANN000001: Hibernate Commons Annotations {5.1.2.Final}
18:15:07.278 [main] INFO  com.zaxxer.hikari.HikariDataSource - HikariPool-1 - Starting...
18:15:08.464 [main] INFO  com.zaxxer.hikari.HikariDataSource - HikariPool-1 - Start completed.
18:15:08.492 [main] INFO  org.hibernate.dialect.Dialect - HHH000400: Using dialect: org.hibernate.dialect.PostgreSQL10Dialect
18:15:10.219 [main] INFO  o.h.e.t.j.p.i.JtaPlatformInitiator - HHH000490: Using JtaPlatform implementation: [org.hibernate.engine.transaction.jta.platform.internal.NoJtaPlatform]
18:15:10.239 [main] INFO  o.s.o.j.LocalContainerEntityManagerFactoryBean - Initialized JPA EntityManagerFactory for persistence unit 'default'
18:15:11.247 [main] WARN  o.s.b.a.o.j.JpaBaseConfiguration$JpaWebConfiguration - spring.jpa.open-in-view is enabled by default. Therefore, database queries may be performed during view rendering. Explicitly configure spring.jpa.open-in-view to disable this warning
18:15:12.849 [main] INFO  o.s.b.a.e.web.EndpointLinksResolver - Exposing 13 endpoint(s) beneath base path '/actuator'
18:15:12.958 [main] INFO  com.revature.UserControllerTest - Started UserControllerTest in 9.227 seconds (JVM running for 10.966)
18:15:13.932 [SpringApplicationShutdownHook] INFO  o.s.o.j.LocalContainerEntityManagerFactoryBean - Closing JPA EntityManagerFactory for persistence unit 'default'
18:15:13.935 [SpringApplicationShutdownHook] INFO  com.zaxxer.hikari.HikariDataSource - HikariPool-1 - Shutdown initiated...
18:15:14.586 [SpringApplicationShutdownHook] INFO  com.zaxxer.hikari.HikariDataSource - HikariPool-1 - Shutdown completed.
23:39:35.916 [restartedMain] INFO  com.revature.AlchemyApplication - Starting AlchemyApplication using Java 15 on Baloo with PID 3396 (M:\Revature\P2\AlchemyProject\AlchemistRoom\bin\main started by mitch in M:\Revature\P2\AlchemyProject\AlchemistRoom)
23:39:35.916 [restartedMain] INFO  com.revature.AlchemyApplication - No active profile set, falling back to 1 default profile: "default"
23:39:36.134 [restartedMain] INFO  o.s.d.r.c.RepositoryConfigurationDelegate - Bootstrapping Spring Data JPA repositories in DEFAULT mode.
23:39:36.145 [restartedMain] INFO  o.s.d.r.c.RepositoryConfigurationDelegate - Finished Spring Data repository scanning in 10 ms. Found 3 JPA repository interfaces.
23:39:36.319 [restartedMain] INFO  o.s.b.w.e.tomcat.TomcatWebServer - Tomcat initialized with port(s): 5555 (http)
23:39:36.320 [restartedMain] INFO  o.a.catalina.core.StandardService - Starting service [Tomcat]
23:39:36.320 [restartedMain] INFO  o.a.catalina.core.StandardEngine - Starting Servlet engine: [Apache Tomcat/9.0.65]
23:39:36.336 [restartedMain] INFO  o.a.c.c.C.[.[localhost].[/data] - Initializing Spring embedded WebApplicationContext
23:39:36.336 [restartedMain] INFO  o.s.b.w.s.c.ServletWebServerApplicationContext - Root WebApplicationContext: initialization completed in 418 ms
23:39:36.399 [restartedMain] INFO  o.h.jpa.internal.util.LogHelper - HHH000204: Processing PersistenceUnitInfo [name: default]
23:39:36.402 [restartedMain] INFO  com.zaxxer.hikari.HikariDataSource - HikariPool-3 - Starting...
23:39:37.411 [restartedMain] INFO  com.zaxxer.hikari.HikariDataSource - HikariPool-3 - Start completed.
23:39:37.411 [restartedMain] INFO  org.hibernate.dialect.Dialect - HHH000400: Using dialect: org.hibernate.dialect.PostgreSQL10Dialect
23:39:38.820 [restartedMain] INFO  o.h.e.t.j.p.i.JtaPlatformInitiator - HHH000490: Using JtaPlatform implementation: [org.hibernate.engine.transaction.jta.platform.internal.NoJtaPlatform]
23:39:38.820 [restartedMain] INFO  o.s.o.j.LocalContainerEntityManagerFactoryBean - Initialized JPA EntityManagerFactory for persistence unit 'default'
23:39:38.946 [restartedMain] WARN  o.s.b.a.o.j.JpaBaseConfiguration$JpaWebConfiguration - spring.jpa.open-in-view is enabled by default. Therefore, database queries may be performed during view rendering. Explicitly configure spring.jpa.open-in-view to disable this warning
23:39:39.122 [restartedMain] INFO  o.s.b.d.a.OptionalLiveReloadServer - LiveReload server is running on port 35729
23:39:39.125 [restartedMain] INFO  o.s.b.a.e.web.EndpointLinksResolver - Exposing 13 endpoint(s) beneath base path '/actuator'
23:39:39.143 [restartedMain] INFO  o.s.b.w.e.tomcat.TomcatWebServer - Tomcat started on port(s): 5555 (http) with context path '/data'
23:39:39.151 [restartedMain] INFO  com.revature.AlchemyApplication - Started AlchemyApplication in 3.303 seconds (JVM running for 38823.247)
23:39:39.153 [restartedMain] INFO  o.s.b.d.a.ConditionEvaluationDeltaLoggingListener - Condition evaluation unchanged
00:15:51.280 [http-nio-5555-exec-1] INFO  o.a.c.c.C.[.[localhost].[/data] - Initializing Spring DispatcherServlet 'dispatcherServlet'
00:15:51.280 [http-nio-5555-exec-1] INFO  o.s.web.servlet.DispatcherServlet - Initializing Servlet 'dispatcherServlet'
00:15:51.281 [http-nio-5555-exec-1] INFO  o.s.web.servlet.DispatcherServlet - Completed initialization in 1 ms
00:15:51.287 [http-nio-5555-exec-3] INFO  com.revature.aspects.LoggingAspect - com.revature.controllers.PotionController@4d32f73a invoked ResponseEntity com.revature.controllers.PotionController.getAllPotion()
00:15:51.287 [http-nio-5555-exec-1] INFO  com.revature.aspects.LoggingAspect - com.revature.controllers.PotionController@4d32f73a invoked ResponseEntity com.revature.controllers.PotionController.getAllPotion()
00:18:06.041 [http-nio-5555-exec-6] INFO  com.revature.aspects.LoggingAspect - com.revature.controllers.UserController@566450d9 invoked ResponseEntity com.revature.controllers.UserController.login(LoginDTO,HttpServletResponse)
00:18:06.223 [http-nio-5555-exec-7] INFO  com.revature.aspects.LoggingAspect - com.revature.controllers.PotionController@4d32f73a invoked ResponseEntity com.revature.controllers.PotionController.getAllPotion()
00:18:06.223 [http-nio-5555-exec-8] INFO  com.revature.aspects.LoggingAspect - com.revature.controllers.PotionController@4d32f73a invoked ResponseEntity com.revature.controllers.PotionController.getAllPotion()
00:28:27.886 [http-nio-5555-exec-1] INFO  com.revature.aspects.LoggingAspect - com.revature.controllers.PotionController@4d32f73a invoked ResponseEntity com.revature.controllers.PotionController.getAllPotion()
00:28:27.904 [http-nio-5555-exec-4] INFO  com.revature.aspects.LoggingAspect - com.revature.controllers.PotionController@4d32f73a invoked ResponseEntity com.revature.controllers.PotionController.getAllPotion()
00:34:39.738 [http-nio-5555-exec-7] INFO  com.revature.aspects.LoggingAspect - com.revature.controllers.UserController@566450d9 invoked ResponseEntity com.revature.controllers.UserController.addUser(AlchemistUser)
00:47:32.497 [http-nio-5555-exec-9] INFO  com.revature.aspects.LoggingAspect - com.revature.controllers.UserController@566450d9 invoked ResponseEntity com.revature.controllers.UserController.login(LoginDTO,HttpServletResponse)
00:47:32.668 [http-nio-5555-exec-3] INFO  com.revature.aspects.LoggingAspect - com.revature.controllers.PotionController@4d32f73a invoked ResponseEntity com.revature.controllers.PotionController.getAllPotion()
00:47:32.699 [http-nio-5555-exec-10] INFO  com.revature.aspects.LoggingAspect - com.revature.controllers.PotionController@4d32f73a invoked ResponseEntity com.revature.controllers.PotionController.getAllPotion()
00:51:34.067 [http-nio-5555-exec-2] INFO  com.revature.aspects.LoggingAspect - com.revature.controllers.PotionController@4d32f73a invoked ResponseEntity com.revature.controllers.PotionController.getAllPotion()
00:51:34.067 [http-nio-5555-exec-6] INFO  com.revature.aspects.LoggingAspect - com.revature.controllers.PotionController@4d32f73a invoked ResponseEntity com.revature.controllers.PotionController.getAllPotion()
00:51:38.747 [http-nio-5555-exec-7] INFO  com.revature.aspects.LoggingAspect - com.revature.controllers.PotionController@4d32f73a invoked ResponseEntity com.revature.controllers.PotionController.getAllPotion()
00:51:38.747 [http-nio-5555-exec-8] INFO  com.revature.aspects.LoggingAspect - com.revature.controllers.PotionController@4d32f73a invoked ResponseEntity com.revature.controllers.PotionController.getAllPotion()
00:52:37.026 [http-nio-5555-exec-9] INFO  com.revature.aspects.LoggingAspect - com.revature.controllers.PotionController@4d32f73a invoked ResponseEntity com.revature.controllers.PotionController.getAllPotion()
00:52:37.056 [http-nio-5555-exec-3] INFO  com.revature.aspects.LoggingAspect - com.revature.controllers.PotionController@4d32f73a invoked ResponseEntity com.revature.controllers.PotionController.getAllPotion()
00:54:04.947 [http-nio-5555-exec-1] INFO  com.revature.aspects.LoggingAspect - com.revature.controllers.PotionController@4d32f73a invoked ResponseEntity com.revature.controllers.PotionController.getAllPotion()
00:54:04.979 [http-nio-5555-exec-4] INFO  com.revature.aspects.LoggingAspect - com.revature.controllers.PotionController@4d32f73a invoked ResponseEntity com.revature.controllers.PotionController.getAllPotion()
00:54:23.707 [http-nio-5555-exec-6] INFO  com.revature.aspects.LoggingAspect - com.revature.controllers.PotionController@4d32f73a invoked ResponseEntity com.revature.controllers.PotionController.getAllPotion()
00:54:23.707 [http-nio-5555-exec-2] INFO  com.revature.aspects.LoggingAspect - com.revature.controllers.PotionController@4d32f73a invoked ResponseEntity com.revature.controllers.PotionController.getAllPotion()
00:55:08.824 [http-nio-5555-exec-7] INFO  com.revature.aspects.LoggingAspect - com.revature.controllers.PotionController@4d32f73a invoked ResponseEntity com.revature.controllers.PotionController.getAllPotion()
00:55:08.824 [http-nio-5555-exec-8] INFO  com.revature.aspects.LoggingAspect - com.revature.controllers.PotionController@4d32f73a invoked ResponseEntity com.revature.controllers.PotionController.getAllPotion()
00:55:51.582 [http-nio-5555-exec-9] INFO  com.revature.aspects.LoggingAspect - com.revature.controllers.PotionController@4d32f73a invoked ResponseEntity com.revature.controllers.PotionController.getAllPotion()
00:55:51.583 [http-nio-5555-exec-3] INFO  com.revature.aspects.LoggingAspect - com.revature.controllers.PotionController@4d32f73a invoked ResponseEntity com.revature.controllers.PotionController.getAllPotion()
01:00:14.216 [http-nio-5555-exec-1] INFO  com.revature.aspects.LoggingAspect - com.revature.controllers.PotionController@4d32f73a invoked ResponseEntity com.revature.controllers.PotionController.getAllPotion()
01:00:14.245 [http-nio-5555-exec-4] INFO  com.revature.aspects.LoggingAspect - com.revature.controllers.PotionController@4d32f73a invoked ResponseEntity com.revature.controllers.PotionController.getAllPotion()
01:00:22.672 [http-nio-5555-exec-6] INFO  com.revature.aspects.LoggingAspect - com.revature.controllers.PotionController@4d32f73a invoked ResponseEntity com.revature.controllers.PotionController.getAllPotion()
01:00:22.672 [http-nio-5555-exec-2] INFO  com.revature.aspects.LoggingAspect - com.revature.controllers.PotionController@4d32f73a invoked ResponseEntity com.revature.controllers.PotionController.getAllPotion()
01:01:04.421 [http-nio-5555-exec-7] INFO  com.revature.aspects.LoggingAspect - com.revature.controllers.PotionController@4d32f73a invoked ResponseEntity com.revature.controllers.PotionController.getAllPotion()
01:01:04.421 [http-nio-5555-exec-8] INFO  com.revature.aspects.LoggingAspect - com.revature.controllers.PotionController@4d32f73a invoked ResponseEntity com.revature.controllers.PotionController.getAllPotion()
01:01:10.790 [http-nio-5555-exec-9] INFO  com.revature.aspects.LoggingAspect - com.revature.controllers.PotionController@4d32f73a invoked ResponseEntity com.revature.controllers.PotionController.getAllPotion()
01:01:10.790 [http-nio-5555-exec-3] INFO  com.revature.aspects.LoggingAspect - com.revature.controllers.PotionController@4d32f73a invoked ResponseEntity com.revature.controllers.PotionController.getAllPotion()
01:01:25.298 [http-nio-5555-exec-5] INFO  com.revature.aspects.LoggingAspect - com.revature.controllers.PotionController@4d32f73a invoked ResponseEntity com.revature.controllers.PotionController.getAllPotion()
01:01:25.299 [http-nio-5555-exec-10] INFO  com.revature.aspects.LoggingAspect - com.revature.controllers.PotionController@4d32f73a invoked ResponseEntity com.revature.controllers.PotionController.getAllPotion()
01:01:34.773 [http-nio-5555-exec-4] INFO  com.revature.aspects.LoggingAspect - com.revature.controllers.PotionController@4d32f73a invoked ResponseEntity com.revature.controllers.PotionController.getAllPotion()
01:01:34.773 [http-nio-5555-exec-1] INFO  com.revature.aspects.LoggingAspect - com.revature.controllers.PotionController@4d32f73a invoked ResponseEntity com.revature.controllers.PotionController.getAllPotion()
01:03:10.005 [http-nio-5555-exec-8] INFO  com.revature.aspects.LoggingAspect - com.revature.controllers.PotionController@4d32f73a invoked ResponseEntity com.revature.controllers.PotionController.getAllPotion()
01:03:10.005 [http-nio-5555-exec-7] INFO  com.revature.aspects.LoggingAspect - com.revature.controllers.PotionController@4d32f73a invoked ResponseEntity com.revature.controllers.PotionController.getAllPotion()
01:07:57.703 [http-nio-5555-exec-5] INFO  com.revature.aspects.LoggingAspect - com.revature.controllers.PotionController@4d32f73a invoked ResponseEntity com.revature.controllers.PotionController.getAllPotion()
01:07:57.705 [http-nio-5555-exec-10] INFO  com.revature.aspects.LoggingAspect - com.revature.controllers.PotionController@4d32f73a invoked ResponseEntity com.revature.controllers.PotionController.getAllPotion()
01:08:03.219 [http-nio-5555-exec-1] INFO  com.revature.aspects.LoggingAspect - com.revature.controllers.PotionController@4d32f73a invoked ResponseEntity com.revature.controllers.PotionController.getAllPotion()
01:08:03.219 [http-nio-5555-exec-4] INFO  com.revature.aspects.LoggingAspect - com.revature.controllers.PotionController@4d32f73a invoked ResponseEntity com.revature.controllers.PotionController.getAllPotion()
01:08:13.868 [http-nio-5555-exec-6] INFO  com.revature.aspects.LoggingAspect - com.revature.controllers.PotionController@4d32f73a invoked ResponseEntity com.revature.controllers.PotionController.getAllPotion()
01:08:13.869 [http-nio-5555-exec-2] INFO  com.revature.aspects.LoggingAspect - com.revature.controllers.PotionController@4d32f73a invoked ResponseEntity com.revature.controllers.PotionController.getAllPotion()
01:08:15.613 [http-nio-5555-exec-8] INFO  com.revature.aspects.LoggingAspect - com.revature.controllers.PotionController@4d32f73a invoked ResponseEntity com.revature.controllers.PotionController.getAllPotion()
01:08:15.614 [http-nio-5555-exec-7] INFO  com.revature.aspects.LoggingAspect - com.revature.controllers.PotionController@4d32f73a invoked ResponseEntity com.revature.controllers.PotionController.getAllPotion()
01:08:37.721 [http-nio-5555-exec-3] INFO  com.revature.aspects.LoggingAspect - com.revature.controllers.PotionController@4d32f73a invoked ResponseEntity com.revature.controllers.PotionController.getAllPotion()
01:08:37.721 [http-nio-5555-exec-9] INFO  com.revature.aspects.LoggingAspect - com.revature.controllers.PotionController@4d32f73a invoked ResponseEntity com.revature.controllers.PotionController.getAllPotion()
01:18:22.615 [http-nio-5555-exec-4] INFO  com.revature.aspects.LoggingAspect - com.revature.controllers.PotionController@4d32f73a invoked ResponseEntity com.revature.controllers.PotionController.getAllPotion()
01:18:22.640 [http-nio-5555-exec-1] INFO  com.revature.aspects.LoggingAspect - com.revature.controllers.PotionController@4d32f73a invoked ResponseEntity com.revature.controllers.PotionController.getAllPotion()
01:18:53.048 [http-nio-5555-exec-6] INFO  com.revature.aspects.LoggingAspect - com.revature.controllers.PotionController@4d32f73a invoked ResponseEntity com.revature.controllers.PotionController.getAllPotion()
01:18:53.050 [http-nio-5555-exec-2] INFO  com.revature.aspects.LoggingAspect - com.revature.controllers.PotionController@4d32f73a invoked ResponseEntity com.revature.controllers.PotionController.getAllPotion()
01:19:56.536 [http-nio-5555-exec-9] INFO  com.revature.aspects.LoggingAspect - com.revature.controllers.PotionController@4d32f73a invoked ResponseEntity com.revature.controllers.PotionController.getAllPotion()
01:19:56.538 [http-nio-5555-exec-3] INFO  com.revature.aspects.LoggingAspect - com.revature.controllers.PotionController@4d32f73a invoked ResponseEntity com.revature.controllers.PotionController.getAllPotion()
01:20:45.664 [http-nio-5555-exec-10] INFO  com.revature.aspects.LoggingAspect - com.revature.controllers.PotionController@4d32f73a invoked ResponseEntity com.revature.controllers.PotionController.getAllPotion()
01:20:45.666 [http-nio-5555-exec-5] INFO  com.revature.aspects.LoggingAspect - com.revature.controllers.PotionController@4d32f73a invoked ResponseEntity com.revature.controllers.PotionController.getAllPotion()
01:20:51.946 [http-nio-5555-exec-4] INFO  com.revature.aspects.LoggingAspect - com.revature.controllers.PotionController@4d32f73a invoked ResponseEntity com.revature.controllers.PotionController.getAllPotion()
01:20:51.946 [http-nio-5555-exec-1] INFO  com.revature.aspects.LoggingAspect - com.revature.controllers.PotionController@4d32f73a invoked ResponseEntity com.revature.controllers.PotionController.getAllPotion()
01:20:55.997 [http-nio-5555-exec-2] INFO  com.revature.aspects.LoggingAspect - com.revature.controllers.PotionController@4d32f73a invoked ResponseEntity com.revature.controllers.PotionController.getAllPotion()
01:20:55.997 [http-nio-5555-exec-6] INFO  com.revature.aspects.LoggingAspect - com.revature.controllers.PotionController@4d32f73a invoked ResponseEntity com.revature.controllers.PotionController.getAllPotion()
01:21:06.557 [http-nio-5555-exec-8] INFO  com.revature.aspects.LoggingAspect - com.revature.controllers.PotionController@4d32f73a invoked ResponseEntity com.revature.controllers.PotionController.getAllPotion()
01:21:06.557 [http-nio-5555-exec-7] INFO  com.revature.aspects.LoggingAspect - com.revature.controllers.PotionController@4d32f73a invoked ResponseEntity com.revature.controllers.PotionController.getAllPotion()
01:21:45.499 [http-nio-5555-exec-3] INFO  com.revature.aspects.LoggingAspect - com.revature.controllers.PotionController@4d32f73a invoked ResponseEntity com.revature.controllers.PotionController.getAllPotion()
01:21:45.528 [http-nio-5555-exec-9] INFO  com.revature.aspects.LoggingAspect - com.revature.controllers.PotionController@4d32f73a invoked ResponseEntity com.revature.controllers.PotionController.getAllPotion()
01:22:08.952 [http-nio-5555-exec-5] INFO  com.revature.aspects.LoggingAspect - com.revature.controllers.PotionController@4d32f73a invoked ResponseEntity com.revature.controllers.PotionController.getAllPotion()
01:22:08.954 [http-nio-5555-exec-10] INFO  com.revature.aspects.LoggingAspect - com.revature.controllers.PotionController@4d32f73a invoked ResponseEntity com.revature.controllers.PotionController.getAllPotion()
01:22:35.245 [http-nio-5555-exec-4] INFO  com.revature.aspects.LoggingAspect - com.revature.controllers.PotionController@4d32f73a invoked ResponseEntity com.revature.controllers.PotionController.getAllPotion()
01:22:35.245 [http-nio-5555-exec-1] INFO  com.revature.aspects.LoggingAspect - com.revature.controllers.PotionController@4d32f73a invoked ResponseEntity com.revature.controllers.PotionController.getAllPotion()
01:29:13.341 [http-nio-5555-exec-7] INFO  com.revature.aspects.LoggingAspect - com.revature.controllers.UserController@566450d9 invoked ResponseEntity com.revature.controllers.UserController.login(LoginDTO,HttpServletResponse)
01:29:13.511 [http-nio-5555-exec-3] INFO  com.revature.aspects.LoggingAspect - com.revature.controllers.PotionController@4d32f73a invoked ResponseEntity com.revature.controllers.PotionController.getAllPotion()
01:29:13.512 [http-nio-5555-exec-9] INFO  com.revature.aspects.LoggingAspect - com.revature.controllers.PotionController@4d32f73a invoked ResponseEntity com.revature.controllers.PotionController.getAllPotion()
01:33:41.908 [http-nio-5555-exec-1] INFO  com.revature.aspects.LoggingAspect - com.revature.controllers.PotionController@4d32f73a invoked ResponseEntity com.revature.controllers.PotionController.getAllPotion()
01:33:41.909 [http-nio-5555-exec-2] INFO  com.revature.aspects.LoggingAspect - com.revature.controllers.PotionController@4d32f73a invoked ResponseEntity com.revature.controllers.PotionController.getAllPotion()
01:34:39.838 [http-nio-5555-exec-6] INFO  com.revature.aspects.LoggingAspect - com.revature.controllers.PotionController@4d32f73a invoked ResponseEntity com.revature.controllers.PotionController.getAllPotion()
01:34:39.838 [http-nio-5555-exec-8] INFO  com.revature.aspects.LoggingAspect - com.revature.controllers.PotionController@4d32f73a invoked ResponseEntity com.revature.controllers.PotionController.getAllPotion()
01:36:18.760 [http-nio-5555-exec-9] INFO  com.revature.aspects.LoggingAspect - com.revature.controllers.PotionController@4d32f73a invoked ResponseEntity com.revature.controllers.PotionController.getAllPotion()
01:36:18.793 [http-nio-5555-exec-5] INFO  com.revature.aspects.LoggingAspect - com.revature.controllers.PotionController@4d32f73a invoked ResponseEntity com.revature.controllers.PotionController.getAllPotion()
01:36:21.612 [http-nio-5555-exec-10] INFO  com.revature.aspects.LoggingAspect - com.revature.controllers.PotionController@4d32f73a invoked ResponseEntity com.revature.controllers.PotionController.getAllPotion()
01:36:21.613 [http-nio-5555-exec-4] INFO  com.revature.aspects.LoggingAspect - com.revature.controllers.PotionController@4d32f73a invoked ResponseEntity com.revature.controllers.PotionController.getAllPotion()
01:37:02.628 [http-nio-5555-exec-1] INFO  com.revature.aspects.LoggingAspect - com.revature.controllers.PotionController@4d32f73a invoked ResponseEntity com.revature.controllers.PotionController.getAllPotion()
01:37:02.628 [http-nio-5555-exec-2] INFO  com.revature.aspects.LoggingAspect - com.revature.controllers.PotionController@4d32f73a invoked ResponseEntity com.revature.controllers.PotionController.getAllPotion()
01:37:41.057 [http-nio-5555-exec-6] INFO  com.revature.aspects.LoggingAspect - com.revature.controllers.PotionController@4d32f73a invoked ResponseEntity com.revature.controllers.PotionController.getAllPotion()
01:37:41.057 [http-nio-5555-exec-8] INFO  com.revature.aspects.LoggingAspect - com.revature.controllers.PotionController@4d32f73a invoked ResponseEntity com.revature.controllers.PotionController.getAllPotion()
01:37:56.898 [http-nio-5555-exec-7] INFO  com.revature.aspects.LoggingAspect - com.revature.controllers.PotionController@4d32f73a invoked ResponseEntity com.revature.controllers.PotionController.getAllPotion()
01:37:56.898 [http-nio-5555-exec-3] INFO  com.revature.aspects.LoggingAspect - com.revature.controllers.PotionController@4d32f73a invoked ResponseEntity com.revature.controllers.PotionController.getAllPotion()
01:38:17.216 [http-nio-5555-exec-5] INFO  com.revature.aspects.LoggingAspect - com.revature.controllers.PotionController@4d32f73a invoked ResponseEntity com.revature.controllers.PotionController.getAllPotion()
01:38:17.216 [http-nio-5555-exec-9] INFO  com.revature.aspects.LoggingAspect - com.revature.controllers.PotionController@4d32f73a invoked ResponseEntity com.revature.controllers.PotionController.getAllPotion()
01:38:57.081 [http-nio-5555-exec-4] INFO  com.revature.aspects.LoggingAspect - com.revature.controllers.PotionController@4d32f73a invoked ResponseEntity com.revature.controllers.PotionController.getAllPotion()
01:38:57.083 [http-nio-5555-exec-10] INFO  com.revature.aspects.LoggingAspect - com.revature.controllers.PotionController@4d32f73a invoked ResponseEntity com.revature.controllers.PotionController.getAllPotion()
01:39:03.820 [http-nio-5555-exec-1] INFO  com.revature.aspects.LoggingAspect - com.revature.controllers.PotionController@4d32f73a invoked ResponseEntity com.revature.controllers.PotionController.getAllPotion()
01:39:03.820 [http-nio-5555-exec-2] INFO  com.revature.aspects.LoggingAspect - com.revature.controllers.PotionController@4d32f73a invoked ResponseEntity com.revature.controllers.PotionController.getAllPotion()
01:39:54.575 [http-nio-5555-exec-6] INFO  com.revature.aspects.LoggingAspect - com.revature.controllers.PotionController@4d32f73a invoked ResponseEntity com.revature.controllers.PotionController.getAllPotion()
01:39:54.575 [http-nio-5555-exec-8] INFO  com.revature.aspects.LoggingAspect - com.revature.controllers.PotionController@4d32f73a invoked ResponseEntity com.revature.controllers.PotionController.getAllPotion()
01:40:04.850 [http-nio-5555-exec-3] INFO  com.revature.aspects.LoggingAspect - com.revature.controllers.PotionController@4d32f73a invoked ResponseEntity com.revature.controllers.PotionController.getAllPotion()
01:40:04.850 [http-nio-5555-exec-7] INFO  com.revature.aspects.LoggingAspect - com.revature.controllers.PotionController@4d32f73a invoked ResponseEntity com.revature.controllers.PotionController.getAllPotion()
01:40:16.012 [http-nio-5555-exec-9] INFO  com.revature.aspects.LoggingAspect - com.revature.controllers.PotionController@4d32f73a invoked ResponseEntity com.revature.controllers.PotionController.getAllPotion()
01:40:16.013 [http-nio-5555-exec-5] INFO  com.revature.aspects.LoggingAspect - com.revature.controllers.PotionController@4d32f73a invoked ResponseEntity com.revature.controllers.PotionController.getAllPotion()
01:40:40.828 [http-nio-5555-exec-4] INFO  com.revature.aspects.LoggingAspect - com.revature.controllers.PotionController@4d32f73a invoked ResponseEntity com.revature.controllers.PotionController.getAllPotion()
01:40:40.830 [http-nio-5555-exec-10] INFO  com.revature.aspects.LoggingAspect - com.revature.controllers.PotionController@4d32f73a invoked ResponseEntity com.revature.controllers.PotionController.getAllPotion()
01:41:17.442 [http-nio-5555-exec-1] INFO  com.revature.aspects.LoggingAspect - com.revature.controllers.PotionController@4d32f73a invoked ResponseEntity com.revature.controllers.PotionController.getAllPotion()
01:41:17.442 [http-nio-5555-exec-2] INFO  com.revature.aspects.LoggingAspect - com.revature.controllers.PotionController@4d32f73a invoked ResponseEntity com.revature.controllers.PotionController.getAllPotion()
01:41:52.443 [http-nio-5555-exec-8] INFO  com.revature.aspects.LoggingAspect - com.revature.controllers.PotionController@4d32f73a invoked ResponseEntity com.revature.controllers.PotionController.getAllPotion()
01:41:52.443 [http-nio-5555-exec-6] INFO  com.revature.aspects.LoggingAspect - com.revature.controllers.PotionController@4d32f73a invoked ResponseEntity com.revature.controllers.PotionController.getAllPotion()
01:42:49.901 [http-nio-5555-exec-3] INFO  com.revature.aspects.LoggingAspect - com.revature.controllers.PotionController@4d32f73a invoked ResponseEntity com.revature.controllers.PotionController.getAllPotion()
01:42:49.901 [http-nio-5555-exec-7] INFO  com.revature.aspects.LoggingAspect - com.revature.controllers.PotionController@4d32f73a invoked ResponseEntity com.revature.controllers.PotionController.getAllPotion()
01:43:34.710 [http-nio-5555-exec-5] INFO  com.revature.aspects.LoggingAspect - com.revature.controllers.PotionController@4d32f73a invoked ResponseEntity com.revature.controllers.PotionController.getAllPotion()
01:43:34.710 [http-nio-5555-exec-9] INFO  com.revature.aspects.LoggingAspect - com.revature.controllers.PotionController@4d32f73a invoked ResponseEntity com.revature.controllers.PotionController.getAllPotion()
01:44:12.691 [http-nio-5555-exec-4] INFO  com.revature.aspects.LoggingAspect - com.revature.controllers.PotionController@4d32f73a invoked ResponseEntity com.revature.controllers.PotionController.getAllPotion()
01:44:12.702 [http-nio-5555-exec-10] INFO  com.revature.aspects.LoggingAspect - com.revature.controllers.PotionController@4d32f73a invoked ResponseEntity com.revature.controllers.PotionController.getAllPotion()
01:44:59.024 [http-nio-5555-exec-2] INFO  com.revature.aspects.LoggingAspect - com.revature.controllers.PotionController@4d32f73a invoked ResponseEntity com.revature.controllers.PotionController.getAllPotion()
01:44:59.024 [http-nio-5555-exec-1] INFO  com.revature.aspects.LoggingAspect - com.revature.controllers.PotionController@4d32f73a invoked ResponseEntity com.revature.controllers.PotionController.getAllPotion()
01:45:23.869 [http-nio-5555-exec-6] INFO  com.revature.aspects.LoggingAspect - com.revature.controllers.PotionController@4d32f73a invoked ResponseEntity com.revature.controllers.PotionController.getAllPotion()
01:45:23.869 [http-nio-5555-exec-8] INFO  com.revature.aspects.LoggingAspect - com.revature.controllers.PotionController@4d32f73a invoked ResponseEntity com.revature.controllers.PotionController.getAllPotion()
01:45:55.838 [http-nio-5555-exec-3] INFO  com.revature.aspects.LoggingAspect - com.revature.controllers.PotionController@4d32f73a invoked ResponseEntity com.revature.controllers.PotionController.getAllPotion()
01:45:55.841 [http-nio-5555-exec-7] INFO  com.revature.aspects.LoggingAspect - com.revature.controllers.PotionController@4d32f73a invoked ResponseEntity com.revature.controllers.PotionController.getAllPotion()
01:46:00.707 [http-nio-5555-exec-5] INFO  com.revature.aspects.LoggingAspect - com.revature.controllers.PotionController@4d32f73a invoked ResponseEntity com.revature.controllers.PotionController.getAllPotion()
01:46:00.707 [http-nio-5555-exec-9] INFO  com.revature.aspects.LoggingAspect - com.revature.controllers.PotionController@4d32f73a invoked ResponseEntity com.revature.controllers.PotionController.getAllPotion()
01:46:04.004 [http-nio-5555-exec-4] INFO  com.revature.aspects.LoggingAspect - com.revature.controllers.PotionController@4d32f73a invoked ResponseEntity com.revature.controllers.PotionController.getAllPotion()
01:46:04.005 [http-nio-5555-exec-10] INFO  com.revature.aspects.LoggingAspect - com.revature.controllers.PotionController@4d32f73a invoked ResponseEntity com.revature.controllers.PotionController.getAllPotion()
01:46:51.299 [http-nio-5555-exec-2] INFO  com.revature.aspects.LoggingAspect - com.revature.controllers.PotionController@4d32f73a invoked ResponseEntity com.revature.controllers.PotionController.getAllPotion()
01:46:51.299 [http-nio-5555-exec-1] INFO  com.revature.aspects.LoggingAspect - com.revature.controllers.PotionController@4d32f73a invoked ResponseEntity com.revature.controllers.PotionController.getAllPotion()
01:47:05.574 [http-nio-5555-exec-8] INFO  com.revature.aspects.LoggingAspect - com.revature.controllers.PotionController@4d32f73a invoked ResponseEntity com.revature.controllers.PotionController.getAllPotion()
01:47:05.574 [http-nio-5555-exec-6] INFO  com.revature.aspects.LoggingAspect - com.revature.controllers.PotionController@4d32f73a invoked ResponseEntity com.revature.controllers.PotionController.getAllPotion()
01:47:50.805 [http-nio-5555-exec-3] INFO  com.revature.aspects.LoggingAspect - com.revature.controllers.PotionController@4d32f73a invoked ResponseEntity com.revature.controllers.PotionController.getAllPotion()
01:47:50.806 [http-nio-5555-exec-7] INFO  com.revature.aspects.LoggingAspect - com.revature.controllers.PotionController@4d32f73a invoked ResponseEntity com.revature.controllers.PotionController.getAllPotion()
01:48:52.883 [http-nio-5555-exec-10] INFO  com.revature.aspects.LoggingAspect - com.revature.controllers.PotionController@4d32f73a invoked ResponseEntity com.revature.controllers.PotionController.getAllPotion()
01:48:52.883 [http-nio-5555-exec-4] INFO  com.revature.aspects.LoggingAspect - com.revature.controllers.PotionController@4d32f73a invoked ResponseEntity com.revature.controllers.PotionController.getAllPotion()
01:49:00.797 [http-nio-5555-exec-2] INFO  com.revature.aspects.LoggingAspect - com.revature.controllers.PotionController@4d32f73a invoked ResponseEntity com.revature.controllers.PotionController.getAllPotion()
01:49:00.797 [http-nio-5555-exec-1] INFO  com.revature.aspects.LoggingAspect - com.revature.controllers.PotionController@4d32f73a invoked ResponseEntity com.revature.controllers.PotionController.getAllPotion()
01:49:35.742 [http-nio-5555-exec-8] INFO  com.revature.aspects.LoggingAspect - com.revature.controllers.PotionController@4d32f73a invoked ResponseEntity com.revature.controllers.PotionController.getAllPotion()
01:49:35.742 [http-nio-5555-exec-6] INFO  com.revature.aspects.LoggingAspect - com.revature.controllers.PotionController@4d32f73a invoked ResponseEntity com.revature.controllers.PotionController.getAllPotion()
01:49:46.399 [http-nio-5555-exec-3] INFO  com.revature.aspects.LoggingAspect - com.revature.controllers.PotionController@4d32f73a invoked ResponseEntity com.revature.controllers.PotionController.getAllPotion()
01:49:46.399 [http-nio-5555-exec-7] INFO  com.revature.aspects.LoggingAspect - com.revature.controllers.PotionController@4d32f73a invoked ResponseEntity com.revature.controllers.PotionController.getAllPotion()
01:50:01.179 [http-nio-5555-exec-9] INFO  com.revature.aspects.LoggingAspect - com.revature.controllers.PotionController@4d32f73a invoked ResponseEntity com.revature.controllers.PotionController.getAllPotion()
01:50:01.180 [http-nio-5555-exec-5] INFO  com.revature.aspects.LoggingAspect - com.revature.controllers.PotionController@4d32f73a invoked ResponseEntity com.revature.controllers.PotionController.getAllPotion()
01:50:08.879 [http-nio-5555-exec-10] INFO  com.revature.aspects.LoggingAspect - com.revature.controllers.PotionController@4d32f73a invoked ResponseEntity com.revature.controllers.PotionController.getAllPotion()
01:50:08.881 [http-nio-5555-exec-4] INFO  com.revature.aspects.LoggingAspect - com.revature.controllers.PotionController@4d32f73a invoked ResponseEntity com.revature.controllers.PotionController.getAllPotion()
01:51:17.758 [http-nio-5555-exec-8] INFO  com.revature.aspects.LoggingAspect - com.revature.controllers.PotionController@4d32f73a invoked ResponseEntity com.revature.controllers.PotionController.getAllPotion()
01:51:17.758 [http-nio-5555-exec-6] INFO  com.revature.aspects.LoggingAspect - com.revature.controllers.PotionController@4d32f73a invoked ResponseEntity com.revature.controllers.PotionController.getAllPotion()
01:52:21.197 [http-nio-5555-exec-9] INFO  com.revature.aspects.LoggingAspect - com.revature.controllers.PotionController@4d32f73a invoked ResponseEntity com.revature.controllers.PotionController.getAllPotion()
01:52:21.197 [http-nio-5555-exec-5] INFO  com.revature.aspects.LoggingAspect - com.revature.controllers.PotionController@4d32f73a invoked ResponseEntity com.revature.controllers.PotionController.getAllPotion()
01:52:32.200 [http-nio-5555-exec-4] INFO  com.revature.aspects.LoggingAspect - com.revature.controllers.PotionController@4d32f73a invoked ResponseEntity com.revature.controllers.PotionController.getAllPotion()
01:52:32.200 [http-nio-5555-exec-10] INFO  com.revature.aspects.LoggingAspect - com.revature.controllers.PotionController@4d32f73a invoked ResponseEntity com.revature.controllers.PotionController.getAllPotion()
01:53:05.718 [http-nio-5555-exec-1] INFO  com.revature.aspects.LoggingAspect - com.revature.controllers.PotionController@4d32f73a invoked ResponseEntity com.revature.controllers.PotionController.getAllPotion()
01:53:05.719 [http-nio-5555-exec-2] INFO  com.revature.aspects.LoggingAspect - com.revature.controllers.PotionController@4d32f73a invoked ResponseEntity com.revature.controllers.PotionController.getAllPotion()
01:53:22.783 [http-nio-5555-exec-8] INFO  com.revature.aspects.LoggingAspect - com.revature.controllers.PotionController@4d32f73a invoked ResponseEntity com.revature.controllers.PotionController.getAllPotion()
01:53:22.787 [http-nio-5555-exec-6] INFO  com.revature.aspects.LoggingAspect - com.revature.controllers.PotionController@4d32f73a invoked ResponseEntity com.revature.controllers.PotionController.getAllPotion()
01:54:15.142 [http-nio-5555-exec-3] INFO  com.revature.aspects.LoggingAspect - com.revature.controllers.PotionController@4d32f73a invoked ResponseEntity com.revature.controllers.PotionController.getAllPotion()
01:54:15.142 [http-nio-5555-exec-7] INFO  com.revature.aspects.LoggingAspect - com.revature.controllers.PotionController@4d32f73a invoked ResponseEntity com.revature.controllers.PotionController.getAllPotion()
01:54:37.115 [http-nio-5555-exec-9] INFO  com.revature.aspects.LoggingAspect - com.revature.controllers.PotionController@4d32f73a invoked ResponseEntity com.revature.controllers.PotionController.getAllPotion()
01:54:37.116 [http-nio-5555-exec-5] INFO  com.revature.aspects.LoggingAspect - com.revature.controllers.PotionController@4d32f73a invoked ResponseEntity com.revature.controllers.PotionController.getAllPotion()
01:54:46.960 [http-nio-5555-exec-4] INFO  com.revature.aspects.LoggingAspect - com.revature.controllers.PotionController@4d32f73a invoked ResponseEntity com.revature.controllers.PotionController.getAllPotion()
01:54:46.960 [http-nio-5555-exec-10] INFO  com.revature.aspects.LoggingAspect - com.revature.controllers.PotionController@4d32f73a invoked ResponseEntity com.revature.controllers.PotionController.getAllPotion()
01:54:54.583 [http-nio-5555-exec-1] INFO  com.revature.aspects.LoggingAspect - com.revature.controllers.PotionController@4d32f73a invoked ResponseEntity com.revature.controllers.PotionController.getAllPotion()
01:54:54.584 [http-nio-5555-exec-2] INFO  com.revature.aspects.LoggingAspect - com.revature.controllers.PotionController@4d32f73a invoked ResponseEntity com.revature.controllers.PotionController.getAllPotion()
01:55:27.236 [http-nio-5555-exec-8] INFO  com.revature.aspects.LoggingAspect - com.revature.controllers.PotionController@4d32f73a invoked ResponseEntity com.revature.controllers.PotionController.getAllPotion()
01:55:27.237 [http-nio-5555-exec-6] INFO  com.revature.aspects.LoggingAspect - com.revature.controllers.PotionController@4d32f73a invoked ResponseEntity com.revature.controllers.PotionController.getAllPotion()
01:55:58.361 [http-nio-5555-exec-7] INFO  com.revature.aspects.LoggingAspect - com.revature.controllers.PotionController@4d32f73a invoked ResponseEntity com.revature.controllers.PotionController.getAllPotion()
01:55:58.361 [http-nio-5555-exec-3] INFO  com.revature.aspects.LoggingAspect - com.revature.controllers.PotionController@4d32f73a invoked ResponseEntity com.revature.controllers.PotionController.getAllPotion()
01:56:08.219 [http-nio-5555-exec-9] INFO  com.revature.aspects.LoggingAspect - com.revature.controllers.PotionController@4d32f73a invoked ResponseEntity com.revature.controllers.PotionController.getAllPotion()
01:56:08.221 [http-nio-5555-exec-5] INFO  com.revature.aspects.LoggingAspect - com.revature.controllers.PotionController@4d32f73a invoked ResponseEntity com.revature.controllers.PotionController.getAllPotion()
01:56:15.229 [http-nio-5555-exec-10] INFO  com.revature.aspects.LoggingAspect - com.revature.controllers.PotionController@4d32f73a invoked ResponseEntity com.revature.controllers.PotionController.getAllPotion()
01:56:15.229 [http-nio-5555-exec-4] INFO  com.revature.aspects.LoggingAspect - com.revature.controllers.PotionController@4d32f73a invoked ResponseEntity com.revature.controllers.PotionController.getAllPotion()
01:56:19.099 [http-nio-5555-exec-2] INFO  com.revature.aspects.LoggingAspect - com.revature.controllers.PotionController@4d32f73a invoked ResponseEntity com.revature.controllers.PotionController.getAllPotion()
01:56:19.099 [http-nio-5555-exec-1] INFO  com.revature.aspects.LoggingAspect - com.revature.controllers.PotionController@4d32f73a invoked ResponseEntity com.revature.controllers.PotionController.getAllPotion()
01:56:42.161 [http-nio-5555-exec-8] INFO  com.revature.aspects.LoggingAspect - com.revature.controllers.PotionController@4d32f73a invoked ResponseEntity com.revature.controllers.PotionController.getAllPotion()
01:56:42.179 [http-nio-5555-exec-6] INFO  com.revature.aspects.LoggingAspect - com.revature.controllers.PotionController@4d32f73a invoked ResponseEntity com.revature.controllers.PotionController.getAllPotion()
01:56:53.325 [http-nio-5555-exec-7] INFO  com.revature.aspects.LoggingAspect - com.revature.controllers.PotionController@4d32f73a invoked ResponseEntity com.revature.controllers.PotionController.getAllPotion()
01:56:53.325 [http-nio-5555-exec-3] INFO  com.revature.aspects.LoggingAspect - com.revature.controllers.PotionController@4d32f73a invoked ResponseEntity com.revature.controllers.PotionController.getAllPotion()
01:57:04.682 [http-nio-5555-exec-9] INFO  com.revature.aspects.LoggingAspect - com.revature.controllers.PotionController@4d32f73a invoked ResponseEntity com.revature.controllers.PotionController.getAllPotion()
01:57:04.688 [http-nio-5555-exec-5] INFO  com.revature.aspects.LoggingAspect - com.revature.controllers.PotionController@4d32f73a invoked ResponseEntity com.revature.controllers.PotionController.getAllPotion()
01:57:15.294 [http-nio-5555-exec-4] INFO  com.revature.aspects.LoggingAspect - com.revature.controllers.PotionController@4d32f73a invoked ResponseEntity com.revature.controllers.PotionController.getAllPotion()
01:57:15.294 [http-nio-5555-exec-10] INFO  com.revature.aspects.LoggingAspect - com.revature.controllers.PotionController@4d32f73a invoked ResponseEntity com.revature.controllers.PotionController.getAllPotion()
01:57:35.184 [http-nio-5555-exec-2] INFO  com.revature.aspects.LoggingAspect - com.revature.controllers.PotionController@4d32f73a invoked ResponseEntity com.revature.controllers.PotionController.getAllPotion()
01:57:35.184 [http-nio-5555-exec-1] INFO  com.revature.aspects.LoggingAspect - com.revature.controllers.PotionController@4d32f73a invoked ResponseEntity com.revature.controllers.PotionController.getAllPotion()
01:57:54.886 [http-nio-5555-exec-8] INFO  com.revature.aspects.LoggingAspect - com.revature.controllers.PotionController@4d32f73a invoked ResponseEntity com.revature.controllers.PotionController.getAllPotion()
01:57:54.886 [http-nio-5555-exec-6] INFO  com.revature.aspects.LoggingAspect - com.revature.controllers.PotionController@4d32f73a invoked ResponseEntity com.revature.controllers.PotionController.getAllPotion()
01:58:07.928 [http-nio-5555-exec-3] INFO  com.revature.aspects.LoggingAspect - com.revature.controllers.PotionController@4d32f73a invoked ResponseEntity com.revature.controllers.PotionController.getAllPotion()
01:58:07.928 [http-nio-5555-exec-7] INFO  com.revature.aspects.LoggingAspect - com.revature.controllers.PotionController@4d32f73a invoked ResponseEntity com.revature.controllers.PotionController.getAllPotion()
01:58:27.821 [http-nio-5555-exec-5] INFO  com.revature.aspects.LoggingAspect - com.revature.controllers.PotionController@4d32f73a invoked ResponseEntity com.revature.controllers.PotionController.getAllPotion()
01:58:27.821 [http-nio-5555-exec-9] INFO  com.revature.aspects.LoggingAspect - com.revature.controllers.PotionController@4d32f73a invoked ResponseEntity com.revature.controllers.PotionController.getAllPotion()
01:58:38.369 [http-nio-5555-exec-10] INFO  com.revature.aspects.LoggingAspect - com.revature.controllers.PotionController@4d32f73a invoked ResponseEntity com.revature.controllers.PotionController.getAllPotion()
01:58:38.370 [http-nio-5555-exec-4] INFO  com.revature.aspects.LoggingAspect - com.revature.controllers.PotionController@4d32f73a invoked ResponseEntity com.revature.controllers.PotionController.getAllPotion()
01:58:50.640 [http-nio-5555-exec-1] INFO  com.revature.aspects.LoggingAspect - com.revature.controllers.PotionController@4d32f73a invoked ResponseEntity com.revature.controllers.PotionController.getAllPotion()
01:58:50.640 [http-nio-5555-exec-2] INFO  com.revature.aspects.LoggingAspect - com.revature.controllers.PotionController@4d32f73a invoked ResponseEntity com.revature.controllers.PotionController.getAllPotion()
01:58:59.654 [http-nio-5555-exec-8] INFO  com.revature.aspects.LoggingAspect - com.revature.controllers.PotionController@4d32f73a invoked ResponseEntity com.revature.controllers.PotionController.getAllPotion()
01:58:59.654 [http-nio-5555-exec-6] INFO  com.revature.aspects.LoggingAspect - com.revature.controllers.PotionController@4d32f73a invoked ResponseEntity com.revature.controllers.PotionController.getAllPotion()
01:59:09.676 [http-nio-5555-exec-7] INFO  com.revature.aspects.LoggingAspect - com.revature.controllers.PotionController@4d32f73a invoked ResponseEntity com.revature.controllers.PotionController.getAllPotion()
01:59:09.681 [http-nio-5555-exec-3] INFO  com.revature.aspects.LoggingAspect - com.revature.controllers.PotionController@4d32f73a invoked ResponseEntity com.revature.controllers.PotionController.getAllPotion()
01:59:14.285 [http-nio-5555-exec-5] INFO  com.revature.aspects.LoggingAspect - com.revature.controllers.PotionController@4d32f73a invoked ResponseEntity com.revature.controllers.PotionController.getAllPotion()
01:59:14.285 [http-nio-5555-exec-9] INFO  com.revature.aspects.LoggingAspect - com.revature.controllers.PotionController@4d32f73a invoked ResponseEntity com.revature.controllers.PotionController.getAllPotion()
01:59:24.974 [http-nio-5555-exec-4] INFO  com.revature.aspects.LoggingAspect - com.revature.controllers.PotionController@4d32f73a invoked ResponseEntity com.revature.controllers.PotionController.getAllPotion()
01:59:24.974 [http-nio-5555-exec-10] INFO  com.revature.aspects.LoggingAspect - com.revature.controllers.PotionController@4d32f73a invoked ResponseEntity com.revature.controllers.PotionController.getAllPotion()
01:59:50.242 [http-nio-5555-exec-1] INFO  com.revature.aspects.LoggingAspect - com.revature.controllers.PotionController@4d32f73a invoked ResponseEntity com.revature.controllers.PotionController.getAllPotion()
01:59:50.242 [http-nio-5555-exec-2] INFO  com.revature.aspects.LoggingAspect - com.revature.controllers.PotionController@4d32f73a invoked ResponseEntity com.revature.controllers.PotionController.getAllPotion()
02:00:25.074 [http-nio-5555-exec-6] INFO  com.revature.aspects.LoggingAspect - com.revature.controllers.PotionController@4d32f73a invoked ResponseEntity com.revature.controllers.PotionController.getAllPotion()
02:00:25.074 [http-nio-5555-exec-8] INFO  com.revature.aspects.LoggingAspect - com.revature.controllers.PotionController@4d32f73a invoked ResponseEntity com.revature.controllers.PotionController.getAllPotion()
02:00:37.801 [http-nio-5555-exec-3] INFO  com.revature.aspects.LoggingAspect - com.revature.controllers.PotionController@4d32f73a invoked ResponseEntity com.revature.controllers.PotionController.getAllPotion()
02:00:37.801 [http-nio-5555-exec-7] INFO  com.revature.aspects.LoggingAspect - com.revature.controllers.PotionController@4d32f73a invoked ResponseEntity com.revature.controllers.PotionController.getAllPotion()
02:00:43.699 [http-nio-5555-exec-5] INFO  com.revature.aspects.LoggingAspect - com.revature.controllers.PotionController@4d32f73a invoked ResponseEntity com.revature.controllers.PotionController.getAllPotion()
02:00:43.700 [http-nio-5555-exec-9] INFO  com.revature.aspects.LoggingAspect - com.revature.controllers.PotionController@4d32f73a invoked ResponseEntity com.revature.controllers.PotionController.getAllPotion()
02:00:51.861 [http-nio-5555-exec-4] INFO  com.revature.aspects.LoggingAspect - com.revature.controllers.PotionController@4d32f73a invoked ResponseEntity com.revature.controllers.PotionController.getAllPotion()
02:00:51.861 [http-nio-5555-exec-10] INFO  com.revature.aspects.LoggingAspect - com.revature.controllers.PotionController@4d32f73a invoked ResponseEntity com.revature.controllers.PotionController.getAllPotion()
02:01:07.492 [http-nio-5555-exec-2] INFO  com.revature.aspects.LoggingAspect - com.revature.controllers.PotionController@4d32f73a invoked ResponseEntity com.revature.controllers.PotionController.getAllPotion()
02:01:07.492 [http-nio-5555-exec-1] INFO  com.revature.aspects.LoggingAspect - com.revature.controllers.PotionController@4d32f73a invoked ResponseEntity com.revature.controllers.PotionController.getAllPotion()
02:01:18.648 [http-nio-5555-exec-8] INFO  com.revature.aspects.LoggingAspect - com.revature.controllers.PotionController@4d32f73a invoked ResponseEntity com.revature.controllers.PotionController.getAllPotion()
02:01:18.649 [http-nio-5555-exec-6] INFO  com.revature.aspects.LoggingAspect - com.revature.controllers.PotionController@4d32f73a invoked ResponseEntity com.revature.controllers.PotionController.getAllPotion()
02:01:22.473 [http-nio-5555-exec-3] INFO  com.revature.aspects.LoggingAspect - com.revature.controllers.PotionController@4d32f73a invoked ResponseEntity com.revature.controllers.PotionController.getAllPotion()
02:01:22.473 [http-nio-5555-exec-7] INFO  com.revature.aspects.LoggingAspect - com.revature.controllers.PotionController@4d32f73a invoked ResponseEntity com.revature.controllers.PotionController.getAllPotion()
02:02:04.184 [http-nio-5555-exec-9] INFO  com.revature.aspects.LoggingAspect - com.revature.controllers.PotionController@4d32f73a invoked ResponseEntity com.revature.controllers.PotionController.getAllPotion()
02:02:04.190 [http-nio-5555-exec-5] INFO  com.revature.aspects.LoggingAspect - com.revature.controllers.PotionController@4d32f73a invoked ResponseEntity com.revature.controllers.PotionController.getAllPotion()
02:02:11.444 [http-nio-5555-exec-10] INFO  com.revature.aspects.LoggingAspect - com.revature.controllers.PotionController@4d32f73a invoked ResponseEntity com.revature.controllers.PotionController.getAllPotion()
02:02:11.444 [http-nio-5555-exec-4] INFO  com.revature.aspects.LoggingAspect - com.revature.controllers.PotionController@4d32f73a invoked ResponseEntity com.revature.controllers.PotionController.getAllPotion()
02:02:14.743 [http-nio-5555-exec-2] INFO  com.revature.aspects.LoggingAspect - com.revature.controllers.PotionController@4d32f73a invoked ResponseEntity com.revature.controllers.PotionController.getAllPotion()
02:02:14.749 [http-nio-5555-exec-1] INFO  com.revature.aspects.LoggingAspect - com.revature.controllers.PotionController@4d32f73a invoked ResponseEntity com.revature.controllers.PotionController.getAllPotion()
02:02:21.688 [http-nio-5555-exec-8] INFO  com.revature.aspects.LoggingAspect - com.revature.controllers.PotionController@4d32f73a invoked ResponseEntity com.revature.controllers.PotionController.getAllPotion()
02:02:21.688 [http-nio-5555-exec-6] INFO  com.revature.aspects.LoggingAspect - com.revature.controllers.PotionController@4d32f73a invoked ResponseEntity com.revature.controllers.PotionController.getAllPotion()
02:02:35.205 [http-nio-5555-exec-3] INFO  com.revature.aspects.LoggingAspect - com.revature.controllers.PotionController@4d32f73a invoked ResponseEntity com.revature.controllers.PotionController.getAllPotion()
02:02:35.208 [http-nio-5555-exec-7] INFO  com.revature.aspects.LoggingAspect - com.revature.controllers.PotionController@4d32f73a invoked ResponseEntity com.revature.controllers.PotionController.getAllPotion()
02:02:42.595 [http-nio-5555-exec-9] INFO  com.revature.aspects.LoggingAspect - com.revature.controllers.PotionController@4d32f73a invoked ResponseEntity com.revature.controllers.PotionController.getAllPotion()
02:02:42.595 [http-nio-5555-exec-5] INFO  com.revature.aspects.LoggingAspect - com.revature.controllers.PotionController@4d32f73a invoked ResponseEntity com.revature.controllers.PotionController.getAllPotion()
02:03:13.290 [http-nio-5555-exec-4] INFO  com.revature.aspects.LoggingAspect - com.revature.controllers.PotionController@4d32f73a invoked ResponseEntity com.revature.controllers.PotionController.getAllPotion()
02:03:13.290 [http-nio-5555-exec-10] INFO  com.revature.aspects.LoggingAspect - com.revature.controllers.PotionController@4d32f73a invoked ResponseEntity com.revature.controllers.PotionController.getAllPotion()
02:03:28.435 [http-nio-5555-exec-2] INFO  com.revature.aspects.LoggingAspect - com.revature.controllers.PotionController@4d32f73a invoked ResponseEntity com.revature.controllers.PotionController.getAllPotion()
02:03:28.435 [http-nio-5555-exec-1] INFO  com.revature.aspects.LoggingAspect - com.revature.controllers.PotionController@4d32f73a invoked ResponseEntity com.revature.controllers.PotionController.getAllPotion()
02:03:38.318 [http-nio-5555-exec-8] INFO  com.revature.aspects.LoggingAspect - com.revature.controllers.PotionController@4d32f73a invoked ResponseEntity com.revature.controllers.PotionController.getAllPotion()
02:03:38.318 [http-nio-5555-exec-6] INFO  com.revature.aspects.LoggingAspect - com.revature.controllers.PotionController@4d32f73a invoked ResponseEntity com.revature.controllers.PotionController.getAllPotion()
02:04:02.442 [http-nio-5555-exec-3] INFO  com.revature.aspects.LoggingAspect - com.revature.controllers.PotionController@4d32f73a invoked ResponseEntity com.revature.controllers.PotionController.getAllPotion()
02:04:02.442 [http-nio-5555-exec-7] INFO  com.revature.aspects.LoggingAspect - com.revature.controllers.PotionController@4d32f73a invoked ResponseEntity com.revature.controllers.PotionController.getAllPotion()
02:04:09.746 [http-nio-5555-exec-5] INFO  com.revature.aspects.LoggingAspect - com.revature.controllers.PotionController@4d32f73a invoked ResponseEntity com.revature.controllers.PotionController.getAllPotion()
02:04:09.746 [http-nio-5555-exec-9] INFO  com.revature.aspects.LoggingAspect - com.revature.controllers.PotionController@4d32f73a invoked ResponseEntity com.revature.controllers.PotionController.getAllPotion()
02:04:15.285 [http-nio-5555-exec-10] INFO  com.revature.aspects.LoggingAspect - com.revature.controllers.PotionController@4d32f73a invoked ResponseEntity com.revature.controllers.PotionController.getAllPotion()
02:04:15.287 [http-nio-5555-exec-4] INFO  com.revature.aspects.LoggingAspect - com.revature.controllers.PotionController@4d32f73a invoked ResponseEntity com.revature.controllers.PotionController.getAllPotion()
02:04:30.276 [http-nio-5555-exec-2] INFO  com.revature.aspects.LoggingAspect - com.revature.controllers.PotionController@4d32f73a invoked ResponseEntity com.revature.controllers.PotionController.getAllPotion()
02:04:30.276 [http-nio-5555-exec-1] INFO  com.revature.aspects.LoggingAspect - com.revature.controllers.PotionController@4d32f73a invoked ResponseEntity com.revature.controllers.PotionController.getAllPotion()
02:04:54.526 [http-nio-5555-exec-8] INFO  com.revature.aspects.LoggingAspect - com.revature.controllers.PotionController@4d32f73a invoked ResponseEntity com.revature.controllers.PotionController.getAllPotion()
02:04:54.526 [http-nio-5555-exec-6] INFO  com.revature.aspects.LoggingAspect - com.revature.controllers.PotionController@4d32f73a invoked ResponseEntity com.revature.controllers.PotionController.getAllPotion()
02:05:06.399 [http-nio-5555-exec-7] INFO  com.revature.aspects.LoggingAspect - com.revature.controllers.PotionController@4d32f73a invoked ResponseEntity com.revature.controllers.PotionController.getAllPotion()
02:05:06.399 [http-nio-5555-exec-3] INFO  com.revature.aspects.LoggingAspect - com.revature.controllers.PotionController@4d32f73a invoked ResponseEntity com.revature.controllers.PotionController.getAllPotion()
02:05:24.062 [http-nio-5555-exec-9] INFO  com.revature.aspects.LoggingAspect - com.revature.controllers.UserController@566450d9 invoked ResponseEntity com.revature.controllers.UserController.login(LoginDTO,HttpServletResponse)
02:05:24.249 [http-nio-5555-exec-4] INFO  com.revature.aspects.LoggingAspect - com.revature.controllers.PotionController@4d32f73a invoked ResponseEntity com.revature.controllers.PotionController.getAllPotion()
02:05:24.249 [http-nio-5555-exec-10] INFO  com.revature.aspects.LoggingAspect - com.revature.controllers.PotionController@4d32f73a invoked ResponseEntity com.revature.controllers.PotionController.getAllPotion()
02:05:48.333 [http-nio-5555-exec-1] INFO  com.revature.aspects.LoggingAspect - com.revature.controllers.PotionController@4d32f73a invoked ResponseEntity com.revature.controllers.PotionController.getAllPotion()
02:05:48.333 [http-nio-5555-exec-2] INFO  com.revature.aspects.LoggingAspect - com.revature.controllers.PotionController@4d32f73a invoked ResponseEntity com.revature.controllers.PotionController.getAllPotion()
02:06:02.470 [http-nio-5555-exec-8] INFO  com.revature.aspects.LoggingAspect - com.revature.controllers.PotionController@4d32f73a invoked ResponseEntity com.revature.controllers.PotionController.getAllPotion()
02:06:02.471 [http-nio-5555-exec-6] INFO  com.revature.aspects.LoggingAspect - com.revature.controllers.PotionController@4d32f73a invoked ResponseEntity com.revature.controllers.PotionController.getAllPotion()
02:06:38.382 [http-nio-5555-exec-5] INFO  com.revature.aspects.LoggingAspect - com.revature.controllers.PotionController@4d32f73a invoked ResponseEntity com.revature.controllers.PotionController.getAllPotion()
02:06:38.382 [http-nio-5555-exec-3] INFO  com.revature.aspects.LoggingAspect - com.revature.controllers.PotionController@4d32f73a invoked ResponseEntity com.revature.controllers.PotionController.getAllPotion()
02:06:55.597 [http-nio-5555-exec-9] INFO  com.revature.aspects.LoggingAspect - com.revature.controllers.PotionController@4d32f73a invoked ResponseEntity com.revature.controllers.PotionController.getAllPotion()
02:06:55.597 [http-nio-5555-exec-4] INFO  com.revature.aspects.LoggingAspect - com.revature.controllers.PotionController@4d32f73a invoked ResponseEntity com.revature.controllers.PotionController.getAllPotion()
02:07:19.148 [http-nio-5555-exec-10] INFO  com.revature.aspects.LoggingAspect - com.revature.controllers.PotionController@4d32f73a invoked ResponseEntity com.revature.controllers.PotionController.getAllPotion()
02:07:19.148 [http-nio-5555-exec-1] INFO  com.revature.aspects.LoggingAspect - com.revature.controllers.PotionController@4d32f73a invoked ResponseEntity com.revature.controllers.PotionController.getAllPotion()
02:07:53.179 [http-nio-5555-exec-6] INFO  com.revature.aspects.LoggingAspect - com.revature.controllers.PotionController@4d32f73a invoked ResponseEntity com.revature.controllers.PotionController.getAllPotion()
02:07:53.179 [http-nio-5555-exec-2] INFO  com.revature.aspects.LoggingAspect - com.revature.controllers.PotionController@4d32f73a invoked ResponseEntity com.revature.controllers.PotionController.getAllPotion()
02:07:58.532 [http-nio-5555-exec-8] INFO  com.revature.aspects.LoggingAspect - com.revature.controllers.PotionController@4d32f73a invoked ResponseEntity com.revature.controllers.PotionController.getAllPotion()
02:07:58.532 [http-nio-5555-exec-7] INFO  com.revature.aspects.LoggingAspect - com.revature.controllers.PotionController@4d32f73a invoked ResponseEntity com.revature.controllers.PotionController.getAllPotion()
02:08:20.432 [http-nio-5555-exec-5] INFO  com.revature.aspects.LoggingAspect - com.revature.controllers.PotionController@4d32f73a invoked ResponseEntity com.revature.controllers.PotionController.getAllPotion()
02:08:20.432 [http-nio-5555-exec-3] INFO  com.revature.aspects.LoggingAspect - com.revature.controllers.PotionController@4d32f73a invoked ResponseEntity com.revature.controllers.PotionController.getAllPotion()
02:08:34.523 [http-nio-5555-exec-9] INFO  com.revature.aspects.LoggingAspect - com.revature.controllers.PotionController@4d32f73a invoked ResponseEntity com.revature.controllers.PotionController.getAllPotion()
02:08:34.523 [http-nio-5555-exec-4] INFO  com.revature.aspects.LoggingAspect - com.revature.controllers.PotionController@4d32f73a invoked ResponseEntity com.revature.controllers.PotionController.getAllPotion()
02:08:41.252 [http-nio-5555-exec-1] INFO  com.revature.aspects.LoggingAspect - com.revature.controllers.PotionController@4d32f73a invoked ResponseEntity com.revature.controllers.PotionController.getAllPotion()
02:08:41.252 [http-nio-5555-exec-10] INFO  com.revature.aspects.LoggingAspect - com.revature.controllers.PotionController@4d32f73a invoked ResponseEntity com.revature.controllers.PotionController.getAllPotion()
02:09:04.039 [http-nio-5555-exec-2] INFO  com.revature.aspects.LoggingAspect - com.revature.controllers.PotionController@4d32f73a invoked ResponseEntity com.revature.controllers.PotionController.getAllPotion()
02:09:04.040 [http-nio-5555-exec-6] INFO  com.revature.aspects.LoggingAspect - com.revature.controllers.PotionController@4d32f73a invoked ResponseEntity com.revature.controllers.PotionController.getAllPotion()
02:09:15.756 [http-nio-5555-exec-8] INFO  com.revature.aspects.LoggingAspect - com.revature.controllers.PotionController@4d32f73a invoked ResponseEntity com.revature.controllers.PotionController.getAllPotion()
02:09:15.767 [http-nio-5555-exec-7] INFO  com.revature.aspects.LoggingAspect - com.revature.controllers.PotionController@4d32f73a invoked ResponseEntity com.revature.controllers.PotionController.getAllPotion()
02:09:30.758 [http-nio-5555-exec-5] INFO  com.revature.aspects.LoggingAspect - com.revature.controllers.PotionController@4d32f73a invoked ResponseEntity com.revature.controllers.PotionController.getAllPotion()
02:09:30.761 [http-nio-5555-exec-3] INFO  com.revature.aspects.LoggingAspect - com.revature.controllers.PotionController@4d32f73a invoked ResponseEntity com.revature.controllers.PotionController.getAllPotion()
02:09:39.351 [http-nio-5555-exec-9] INFO  com.revature.aspects.LoggingAspect - com.revature.controllers.PotionController@4d32f73a invoked ResponseEntity com.revature.controllers.PotionController.getAllPotion()
02:09:39.351 [http-nio-5555-exec-4] INFO  com.revature.aspects.LoggingAspect - com.revature.controllers.PotionController@4d32f73a invoked ResponseEntity com.revature.controllers.PotionController.getAllPotion()
02:10:01.427 [http-nio-5555-exec-1] INFO  com.revature.aspects.LoggingAspect - com.revature.controllers.UserController@566450d9 invoked ResponseEntity com.revature.controllers.UserController.login(LoginDTO,HttpServletResponse)
02:10:01.606 [http-nio-5555-exec-10] INFO  com.revature.aspects.LoggingAspect - com.revature.controllers.PotionController@4d32f73a invoked ResponseEntity com.revature.controllers.PotionController.getAllPotion()
02:10:01.606 [http-nio-5555-exec-2] INFO  com.revature.aspects.LoggingAspect - com.revature.controllers.PotionController@4d32f73a invoked ResponseEntity com.revature.controllers.PotionController.getAllPotion()
02:10:51.805 [http-nio-5555-exec-6] INFO  com.revature.aspects.LoggingAspect - com.revature.controllers.PotionController@4d32f73a invoked ResponseEntity com.revature.controllers.PotionController.getAllPotion()
02:10:51.805 [http-nio-5555-exec-8] INFO  com.revature.aspects.LoggingAspect - com.revature.controllers.PotionController@4d32f73a invoked ResponseEntity com.revature.controllers.PotionController.getAllPotion()
02:11:10.584 [http-nio-5555-exec-5] INFO  com.revature.aspects.LoggingAspect - com.revature.controllers.PotionController@4d32f73a invoked ResponseEntity com.revature.controllers.PotionController.getAllPotion()
02:11:10.584 [http-nio-5555-exec-3] INFO  com.revature.aspects.LoggingAspect - com.revature.controllers.PotionController@4d32f73a invoked ResponseEntity com.revature.controllers.PotionController.getAllPotion()
02:12:01.931 [http-nio-5555-exec-9] INFO  com.revature.aspects.LoggingAspect - com.revature.controllers.PotionController@4d32f73a invoked ResponseEntity com.revature.controllers.PotionController.getAllPotion()
02:12:01.980 [http-nio-5555-exec-4] INFO  com.revature.aspects.LoggingAspect - com.revature.controllers.PotionController@4d32f73a invoked ResponseEntity com.revature.controllers.PotionController.getAllPotion()
02:15:18.602 [http-nio-5555-exec-2] INFO  com.revature.aspects.LoggingAspect - com.revature.controllers.UserController@566450d9 invoked ResponseEntity com.revature.controllers.UserController.login(LoginDTO,HttpServletResponse)
02:15:18.774 [http-nio-5555-exec-8] INFO  com.revature.aspects.LoggingAspect - com.revature.controllers.PotionController@4d32f73a invoked ResponseEntity com.revature.controllers.PotionController.getAllPotion()
02:15:18.800 [http-nio-5555-exec-6] INFO  com.revature.aspects.LoggingAspect - com.revature.controllers.PotionController@4d32f73a invoked ResponseEntity com.revature.controllers.PotionController.getAllPotion()
02:16:21.015 [http-nio-5555-exec-4] INFO  com.revature.aspects.LoggingAspect - com.revature.controllers.PotionController@4d32f73a invoked ResponseEntity com.revature.controllers.PotionController.getAllPotion()
02:16:21.015 [http-nio-5555-exec-9] INFO  com.revature.aspects.LoggingAspect - com.revature.controllers.PotionController@4d32f73a invoked ResponseEntity com.revature.controllers.PotionController.getAllPotion()
02:16:33.759 [http-nio-5555-exec-1] INFO  com.revature.aspects.LoggingAspect - com.revature.controllers.PotionController@4d32f73a invoked ResponseEntity com.revature.controllers.PotionController.getAllPotion()
02:16:33.760 [http-nio-5555-exec-10] INFO  com.revature.aspects.LoggingAspect - com.revature.controllers.PotionController@4d32f73a invoked ResponseEntity com.revature.controllers.PotionController.getAllPotion()
02:16:37.020 [http-nio-5555-exec-2] INFO  com.revature.aspects.LoggingAspect - com.revature.controllers.PotionController@4d32f73a invoked ResponseEntity com.revature.controllers.PotionController.getAllPotion()
02:16:37.020 [http-nio-5555-exec-6] INFO  com.revature.aspects.LoggingAspect - com.revature.controllers.PotionController@4d32f73a invoked ResponseEntity com.revature.controllers.PotionController.getAllPotion()
02:17:06.347 [http-nio-5555-exec-7] INFO  com.revature.aspects.LoggingAspect - com.revature.controllers.PotionController@4d32f73a invoked ResponseEntity com.revature.controllers.PotionController.getAllPotion()
02:17:06.347 [http-nio-5555-exec-8] INFO  com.revature.aspects.LoggingAspect - com.revature.controllers.PotionController@4d32f73a invoked ResponseEntity com.revature.controllers.PotionController.getAllPotion()
02:17:21.005 [http-nio-5555-exec-5] INFO  com.revature.aspects.LoggingAspect - com.revature.controllers.PotionController@4d32f73a invoked ResponseEntity com.revature.controllers.PotionController.getAllPotion()
02:17:21.005 [http-nio-5555-exec-3] INFO  com.revature.aspects.LoggingAspect - com.revature.controllers.PotionController@4d32f73a invoked ResponseEntity com.revature.controllers.PotionController.getAllPotion()
02:17:32.268 [http-nio-5555-exec-9] INFO  com.revature.aspects.LoggingAspect - com.revature.controllers.PotionController@4d32f73a invoked ResponseEntity com.revature.controllers.PotionController.getAllPotion()
02:17:32.269 [http-nio-5555-exec-4] INFO  com.revature.aspects.LoggingAspect - com.revature.controllers.PotionController@4d32f73a invoked ResponseEntity com.revature.controllers.PotionController.getAllPotion()
02:17:53.419 [http-nio-5555-exec-1] INFO  com.revature.aspects.LoggingAspect - com.revature.controllers.PotionController@4d32f73a invoked ResponseEntity com.revature.controllers.PotionController.getAllPotion()
02:17:53.419 [http-nio-5555-exec-10] INFO  com.revature.aspects.LoggingAspect - com.revature.controllers.PotionController@4d32f73a invoked ResponseEntity com.revature.controllers.PotionController.getAllPotion()
02:23:17.667 [http-nio-5555-exec-7] INFO  com.revature.aspects.LoggingAspect - com.revature.controllers.PotionController@4d32f73a invoked ResponseEntity com.revature.controllers.PotionController.getAllPotion()
02:23:17.681 [http-nio-5555-exec-8] INFO  com.revature.aspects.LoggingAspect - com.revature.controllers.PotionController@4d32f73a invoked ResponseEntity com.revature.controllers.PotionController.getAllPotion()
02:23:33.126 [http-nio-5555-exec-3] INFO  com.revature.aspects.LoggingAspect - com.revature.controllers.UserController@566450d9 invoked ResponseEntity com.revature.controllers.UserController.login(LoginDTO,HttpServletResponse)
02:23:33.291 [http-nio-5555-exec-5] INFO  com.revature.aspects.LoggingAspect - com.revature.controllers.PotionController@4d32f73a invoked ResponseEntity com.revature.controllers.PotionController.getAllPotion()
02:23:33.291 [http-nio-5555-exec-9] INFO  com.revature.aspects.LoggingAspect - com.revature.controllers.PotionController@4d32f73a invoked ResponseEntity com.revature.controllers.PotionController.getAllPotion()
02:33:58.459 [http-nio-5555-exec-2] INFO  com.revature.aspects.LoggingAspect - com.revature.controllers.PotionController@4d32f73a invoked ResponseEntity com.revature.controllers.PotionController.getAllPotion()
02:33:58.460 [http-nio-5555-exec-6] INFO  com.revature.aspects.LoggingAspect - com.revature.controllers.PotionController@4d32f73a invoked ResponseEntity com.revature.controllers.PotionController.getAllPotion()
02:37:21.277 [http-nio-5555-exec-3] INFO  com.revature.aspects.LoggingAspect - com.revature.controllers.PotionController@4d32f73a invoked ResponseEntity com.revature.controllers.PotionController.getAllPotion()
02:37:21.277 [http-nio-5555-exec-9] INFO  com.revature.aspects.LoggingAspect - com.revature.controllers.PotionController@4d32f73a invoked ResponseEntity com.revature.controllers.PotionController.getAllPotion()
03:08:32.964 [http-nio-5555-exec-10] INFO  com.revature.aspects.LoggingAspect - com.revature.controllers.UserController@566450d9 invoked ResponseEntity com.revature.controllers.UserController.login(LoginDTO,HttpServletResponse)
03:08:33.134 [http-nio-5555-exec-2] INFO  com.revature.aspects.LoggingAspect - com.revature.controllers.PotionController@4d32f73a invoked ResponseEntity com.revature.controllers.PotionController.getAllPotion()
03:08:33.134 [http-nio-5555-exec-6] INFO  com.revature.aspects.LoggingAspect - com.revature.controllers.PotionController@4d32f73a invoked ResponseEntity com.revature.controllers.PotionController.getAllPotion()
03:08:47.436 [http-nio-5555-exec-7] INFO  com.revature.aspects.LoggingAspect - com.revature.controllers.UserController@566450d9 invoked ResponseEntity com.revature.controllers.UserController.login(LoginDTO,HttpServletResponse)
03:08:47.602 [http-nio-5555-exec-8] INFO  com.revature.aspects.LoggingAspect - com.revature.controllers.PotionController@4d32f73a invoked ResponseEntity com.revature.controllers.PotionController.getAllPotion()
03:08:47.603 [http-nio-5555-exec-3] INFO  com.revature.aspects.LoggingAspect - com.revature.controllers.PotionController@4d32f73a invoked ResponseEntity com.revature.controllers.PotionController.getAllPotion()
03:08:56.162 [http-nio-5555-exec-9] INFO  com.revature.aspects.LoggingAspect - com.revature.controllers.PotionController@4d32f73a invoked ResponseEntity com.revature.controllers.PotionController.getAllPotion()
03:08:56.170 [http-nio-5555-exec-5] INFO  com.revature.aspects.LoggingAspect - com.revature.controllers.PotionController@4d32f73a invoked ResponseEntity com.revature.controllers.PotionController.getAllPotion()
03:11:55.668 [http-nio-5555-exec-2] INFO  com.revature.aspects.LoggingAspect - com.revature.controllers.PotionController@4d32f73a invoked ResponseEntity com.revature.controllers.PotionController.getAllPotion()
03:11:55.695 [http-nio-5555-exec-6] INFO  com.revature.aspects.LoggingAspect - com.revature.controllers.PotionController@4d32f73a invoked ResponseEntity com.revature.controllers.PotionController.getAllPotion()
03:12:54.736 [http-nio-5555-exec-7] INFO  com.revature.aspects.LoggingAspect - com.revature.controllers.PotionController@4d32f73a invoked ResponseEntity com.revature.controllers.PotionController.getAllPotion()
03:12:54.739 [http-nio-5555-exec-8] INFO  com.revature.aspects.LoggingAspect - com.revature.controllers.PotionController@4d32f73a invoked ResponseEntity com.revature.controllers.PotionController.getAllPotion()
03:13:07.531 [http-nio-5555-exec-9] INFO  com.revature.aspects.LoggingAspect - com.revature.controllers.PotionController@4d32f73a invoked ResponseEntity com.revature.controllers.PotionController.getAllPotion()
03:13:07.531 [http-nio-5555-exec-3] INFO  com.revature.aspects.LoggingAspect - com.revature.controllers.PotionController@4d32f73a invoked ResponseEntity com.revature.controllers.PotionController.getAllPotion()
03:43:19.149 [http-nio-5555-exec-1] INFO  com.revature.aspects.LoggingAspect - com.revature.controllers.PotionController@4d32f73a invoked ResponseEntity com.revature.controllers.PotionController.getAllPotion()
03:43:19.149 [http-nio-5555-exec-10] INFO  com.revature.aspects.LoggingAspect - com.revature.controllers.PotionController@4d32f73a invoked ResponseEntity com.revature.controllers.PotionController.getAllPotion()
03:44:58.902 [http-nio-5555-exec-8] INFO  com.revature.aspects.LoggingAspect - com.revature.controllers.UserController@566450d9 invoked ResponseEntity com.revature.controllers.UserController.addUser(AlchemistUser)
03:45:44.601 [http-nio-5555-exec-9] INFO  com.revature.aspects.LoggingAspect - com.revature.controllers.UserController@566450d9 invoked ResponseEntity com.revature.controllers.UserController.login(LoginDTO,HttpServletResponse)
03:45:44.786 [http-nio-5555-exec-4] INFO  com.revature.aspects.LoggingAspect - com.revature.controllers.PotionController@4d32f73a invoked ResponseEntity com.revature.controllers.PotionController.getAllPotion()
03:45:44.812 [http-nio-5555-exec-5] INFO  com.revature.aspects.LoggingAspect - com.revature.controllers.PotionController@4d32f73a invoked ResponseEntity com.revature.controllers.PotionController.getAllPotion()
03:45:53.868 [http-nio-5555-exec-1] INFO  com.revature.aspects.LoggingAspect - com.revature.controllers.UserController@566450d9 invoked ResponseEntity com.revature.controllers.UserController.login(LoginDTO,HttpServletResponse)
03:45:56.361 [http-nio-5555-exec-10] INFO  com.revature.aspects.LoggingAspect - com.revature.controllers.UserController@566450d9 invoked ResponseEntity com.revature.controllers.UserController.login(LoginDTO,HttpServletResponse)
03:46:09.835 [http-nio-5555-exec-6] INFO  com.revature.aspects.LoggingAspect - com.revature.controllers.UserController@566450d9 invoked ResponseEntity com.revature.controllers.UserController.login(LoginDTO,HttpServletResponse)
03:46:10.032 [http-nio-5555-exec-2] INFO  com.revature.aspects.LoggingAspect - com.revature.controllers.PotionController@4d32f73a invoked ResponseEntity com.revature.controllers.PotionController.getAllPotion()
03:46:10.035 [http-nio-5555-exec-7] INFO  com.revature.aspects.LoggingAspect - com.revature.controllers.PotionController@4d32f73a invoked ResponseEntity com.revature.controllers.PotionController.getAllPotion()
